0 info it worked if it ends with ok
1 verbose cli [ '/usr/bin/node', '/usr/bin/npm', 'install', 'toastr@2.1.3' ]
2 info using npm@3.5.2
3 info using node@v8.10.0
4 silly loadCurrentTree Starting
5 silly install loadCurrentTree
6 silly install readLocalPackageData
7 silly fetchPackageMetaData toastr@2.1.3
8 silly fetchNamedPackageData toastr
9 silly mapToRegistry name toastr
10 silly mapToRegistry using default registry
11 silly mapToRegistry registry https://registry.npmjs.org/
12 silly mapToRegistry uri https://registry.npmjs.org/toastr
13 verbose request uri https://registry.npmjs.org/toastr
14 verbose request no auth needed
15 info attempt registry request try #1 at 16:50:55
16 verbose request id 661ebb7f5e053110
17 verbose etag W/"fb28ab514c52a7895f3ca264fca669a8"
18 verbose lastModified Sun, 27 May 2018 19:41:12 GMT
19 http request GET https://registry.npmjs.org/toastr
20 http 304 https://registry.npmjs.org/toastr
21 verbose headers { date: 'Tue, 29 Oct 2019 07:50:55 GMT',
21 verbose headers   connection: 'keep-alive',
21 verbose headers   'set-cookie':
21 verbose headers    [ '__cfduid=db77e8f029102b95a8c273fe7cd705b0f1572335455; expires=Wed, 28-Oct-20 07:50:55 GMT; path=/; domain=.npmjs.org; HttpOnly' ],
21 verbose headers   'cf-cache-status': 'HIT',
21 verbose headers   'cache-control': 'max-age=300',
21 verbose headers   'cf-ray': '52d38fb38ddfdb10-KIX',
21 verbose headers   age: '4334',
21 verbose headers   etag: '"fb28ab514c52a7895f3ca264fca669a8"',
21 verbose headers   'expect-ct': 'max-age=604800, report-uri="https://report-uri.cloudflare.com/cdn-cgi/beacon/expect-ct"',
21 verbose headers   'last-modified': 'Sun, 27 May 2018 19:41:12 GMT',
21 verbose headers   vary: 'accept-encoding, accept',
21 verbose headers   server: 'cloudflare' }
22 silly get cb [ 304,
22 silly get   { date: 'Tue, 29 Oct 2019 07:50:55 GMT',
22 silly get     connection: 'keep-alive',
22 silly get     'set-cookie':
22 silly get      [ '__cfduid=db77e8f029102b95a8c273fe7cd705b0f1572335455; expires=Wed, 28-Oct-20 07:50:55 GMT; path=/; domain=.npmjs.org; HttpOnly' ],
22 silly get     'cf-cache-status': 'HIT',
22 silly get     'cache-control': 'max-age=300',
22 silly get     'cf-ray': '52d38fb38ddfdb10-KIX',
22 silly get     age: '4334',
22 silly get     etag: '"fb28ab514c52a7895f3ca264fca669a8"',
22 silly get     'expect-ct': 'max-age=604800, report-uri="https://report-uri.cloudflare.com/cdn-cgi/beacon/expect-ct"',
22 silly get     'last-modified': 'Sun, 27 May 2018 19:41:12 GMT',
22 silly get     vary: 'accept-encoding, accept',
22 silly get     server: 'cloudflare' } ]
23 verbose etag https://registry.npmjs.org/toastr from cache
24 verbose get saving toastr to /home/nullnil/.npm/registry.npmjs.org/toastr/.cache.json
25 silly fetchPackageMetaData Error: No compatible version found: toastr@2.1.3
25 silly fetchPackageMetaData Valid install targets:
25 silly fetchPackageMetaData 2.1.4, 2.1.2, 2.1.0, 2.0.4, 2.0.3
25 silly fetchPackageMetaData
25 silly fetchPackageMetaData     at pickVersionFromRegistryDocument (/usr/share/npm/lib/fetch-package-metadata.js:156:16)
25 silly fetchPackageMetaData     at /usr/share/npm/node_modules/iferr/index.js:13:50
25 silly fetchPackageMetaData     at /usr/share/npm/lib/utils/pulse-till-done.js:19:8
25 silly fetchPackageMetaData     at saved (/usr/share/npm/lib/cache/caching-client.js:168:7)
25 silly fetchPackageMetaData     at /usr/share/npm/node_modules/graceful-fs/polyfills.js:210:7
25 silly fetchPackageMetaData     at FSReqWrap.oncomplete (fs.js:135:15)
25 silly fetchPackageMetaData  error for toastr@2.1.3 Error: No compatible version found: toastr@2.1.3
25 silly fetchPackageMetaData Valid install targets:
25 silly fetchPackageMetaData 2.1.4, 2.1.2, 2.1.0, 2.0.4, 2.0.3
25 silly fetchPackageMetaData
25 silly fetchPackageMetaData     at pickVersionFromRegistryDocument (/usr/share/npm/lib/fetch-package-metadata.js:156:16)
25 silly fetchPackageMetaData     at /usr/share/npm/node_modules/iferr/index.js:13:50
25 silly fetchPackageMetaData     at /usr/share/npm/lib/utils/pulse-till-done.js:19:8
25 silly fetchPackageMetaData     at saved (/usr/share/npm/lib/cache/caching-client.js:168:7)
25 silly fetchPackageMetaData     at /usr/share/npm/node_modules/graceful-fs/polyfills.js:210:7
25 silly fetchPackageMetaData     at FSReqWrap.oncomplete (fs.js:135:15)
26 silly rollbackFailedOptional Starting
27 silly rollbackFailedOptional Finishing
28 silly runTopLevelLifecycles Starting
29 silly runTopLevelLifecycles Finishing
30 silly install printInstalled
31 verbose stack Error: No compatible version found: toastr@2.1.3
31 verbose stack Valid install targets:
31 verbose stack 2.1.4, 2.1.2, 2.1.0, 2.0.4, 2.0.3
31 verbose stack
31 verbose stack     at pickVersionFromRegistryDocument (/usr/share/npm/lib/fetch-package-metadata.js:156:16)
31 verbose stack     at /usr/share/npm/node_modules/iferr/index.js:13:50
31 verbose stack     at /usr/share/npm/lib/utils/pulse-till-done.js:19:8
31 verbose stack     at saved (/usr/share/npm/lib/cache/caching-client.js:168:7)
31 verbose stack     at /usr/share/npm/node_modules/graceful-fs/polyfills.js:210:7
31 verbose stack     at FSReqWrap.oncomplete (fs.js:135:15)
32 verbose cwd /home/nullnil/Git/GraduationResearch/node
33 error Linux 5.0.0-32-generic
34 error argv "/usr/bin/node" "/usr/bin/npm" "install" "toastr@2.1.3"
35 error node v8.10.0
36 error npm  v3.5.2
37 error No compatible version found: toastr@2.1.3
37 error Valid install targets:
37 error 2.1.4, 2.1.2, 2.1.0, 2.0.4, 2.0.3
38 error If you need help, you may report this error at:
38 error     <https://github.com/npm/npm/issues>
39 verbose exit [ 1, true ]
